{"name":"loginTestSuccessful","id":"com.features.search.LoginTest:loginTestSuccessful","testCaseName":"com.features.search.LoginTest","testSteps":[{"number":1,"description":"Login: siir2613@scs.ubbcluj.ro, e!k5mLQhJ5V7suB","duration":9329,"startTime":"2021-05-15T14:06:19.927127100+03:00[Europe/Chisinau]","result":"SUCCESS","precondition":false,"level":0,"children":[{"number":2,"description":"Click login button","duration":9202,"startTime":"2021-05-15T14:06:19.947125500+03:00[Europe/Chisinau]","screenshots":[{"screenshot":"bf72a5cb9220866f451721e724d11b5987aa259a0357ba24d21b9a36fb8c39d5.png","htmlSource":"pagesource17318376799710604906.html.txt","timeStamp":1621076789110}],"exception":{"errorType":"net.thucydides.core.webdriver.exceptions.ElementShouldBeEnabledException","message":"Expected enabled element was not enabled","stackTrace":[{"classLoaderName":"app","declaringClass":"com.pages.LoginPage","methodName":"clickSubmitButton","fileName":"LoginPage.java","lineNumber":43,"format":1},{"classLoaderName":"app","declaringClass":"com.steps.serenity.LoginSteps","methodName":"clickLoginButton","fileName":"LoginSteps.java","lineNumber":22,"format":1},{"classLoaderName":"app","declaringClass":"com.steps.serenity.LoginSteps","methodName":"login","fileName":"LoginSteps.java","lineNumber":27,"format":1},{"classLoaderName":"app","declaringClass":"com.features.search.LoginTest","methodName":"loginTestSuccessful","fileName":"LoginTest.java","lineNumber":25,"format":1}],"rootCause":{"errorType":"org.openqa.selenium.TimeoutException","message":"Expected condition failed: waiting for LoginPage.loginSubmit to be enabled (tried for 5 second(s) with 100 milliseconds interval)","stackTrace":[{"classLoaderName":"app","declaringClass":"com.pages.LoginPage","methodName":"clickSubmitButton","fileName":"LoginPage.java","lineNumber":43,"format":1},{"classLoaderName":"app","declaringClass":"com.steps.serenity.LoginSteps","methodName":"clickLoginButton","fileName":"LoginSteps.java","lineNumber":22,"format":1},{"classLoaderName":"app","declaringClass":"com.steps.serenity.LoginSteps","methodName":"login","fileName":"LoginSteps.java","lineNumber":27,"format":1},{"classLoaderName":"app","declaringClass":"com.features.search.LoginTest","methodName":"loginTestSuccessful","fileName":"LoginTest.java","lineNumber":25,"format":1}],"rootCause":{"errorType":"org.openqa.selenium.NoSuchElementException","message":"Timed out after 2 seconds. Element not found\nFor documentation on this error, please visit: https://www.seleniumhq.org/exceptions/no_such_element.html\nBuild info: version: \u00273.141.59\u0027, revision: \u0027e82be7d358\u0027, time: \u00272018-11-14T08:17:03\u0027\nSystem info: host: \u0027DESKTOP-ID529IK\u0027, ip: \u0027192.168.0.106\u0027, os.name: \u0027Windows 10\u0027, os.arch: \u0027amd64\u0027, os.version: \u002710.0\u0027, java.version: \u002714.0.2\u0027\nDriver info: driver.version: unknown","stackTrace":[{"classLoaderName":"app","declaringClass":"com.pages.LoginPage","methodName":"clickSubmitButton","fileName":"LoginPage.java","lineNumber":43,"format":1},{"classLoaderName":"app","declaringClass":"com.steps.serenity.LoginSteps","methodName":"clickLoginButton","fileName":"LoginSteps.java","lineNumber":22,"format":1},{"classLoaderName":"app","declaringClass":"com.steps.serenity.LoginSteps","methodName":"login","fileName":"LoginSteps.java","lineNumber":27,"format":1},{"classLoaderName":"app","declaringClass":"com.features.search.LoginTest","methodName":"loginTestSuccessful","fileName":"LoginTest.java","lineNumber":25,"format":1}]}}},"result":"FAILURE","precondition":false,"level":1},{"number":3,"description":"Type user: siir2613@scs.ubbcluj.ro","duration":4,"startTime":"2021-05-15T14:06:29.184002100+03:00[Europe/Chisinau]","result":"SKIPPED","precondition":false,"level":1},{"number":4,"description":"Type password: e!k5mLQhJ5V7suB","duration":2,"startTime":"2021-05-15T14:06:29.220004100+03:00[Europe/Chisinau]","result":"SKIPPED","precondition":false,"level":1}]}],"userStory":{"id":"com.features.search.LoginTest","storyName":"Login test","storyClassName":"com.features.search.LoginTest","path":"search","type":"story"},"featureTag":{"name":"Search/Login test","type":"story","displayName":"Search/Login test"},"title":"Login test successful","coreIssues":["#Login-1"],"tags":[{"name":"Search/Login test","type":"story","displayName":"Search/Login test"},{"name":"Search","type":"feature","displayName":"Search"},{"name":"Search","type":"capability","displayName":"Search for definitions"}],"startTime":"2021-05-15T14:06:18.308126500+03:00[Europe/Chisinau]","duration":11008,"testFailureCause":{"errorType":"net.thucydides.core.webdriver.exceptions.ElementShouldBeEnabledException","message":"Expected enabled element was not enabled\nBuild info: version: \u00273.141.59\u0027, revision: \u0027e82be7d358\u0027, time: \u00272018-11-14T08:17:03\u0027\nSystem info: host: \u0027DESKTOP-ID529IK\u0027, ip: \u0027192.168.0.106\u0027, os.name: \u0027Windows 10\u0027, os.arch: \u0027amd64\u0027, os.version: \u002710.0\u0027, java.version: \u002714.0.2\u0027\nDriver info: driver.version: unknown","stackTrace":[{"classLoaderName":"app","declaringClass":"com.pages.LoginPage","methodName":"clickSubmitButton","fileName":"LoginPage.java","lineNumber":43,"format":1},{"classLoaderName":"app","declaringClass":"com.steps.serenity.LoginSteps","methodName":"clickLoginButton","fileName":"LoginSteps.java","lineNumber":22,"format":1},{"classLoaderName":"app","declaringClass":"com.steps.serenity.LoginSteps","methodName":"login","fileName":"LoginSteps.java","lineNumber":27,"format":1},{"classLoaderName":"app","declaringClass":"com.features.search.LoginTest","methodName":"loginTestSuccessful","fileName":"LoginTest.java","lineNumber":25,"format":1}]},"testFailureClassname":"net.thucydides.core.webdriver.exceptions.ElementShouldBeEnabledException","testFailureMessage":"Expected enabled element was not enabled\nBuild info: version: \u00273.141.59\u0027, revision: \u0027e82be7d358\u0027, time: \u00272018-11-14T08:17:03\u0027\nSystem info: host: \u0027DESKTOP-ID529IK\u0027, ip: \u0027192.168.0.106\u0027, os.name: \u0027Windows 10\u0027, os.arch: \u0027amd64\u0027, os.version: \u002710.0\u0027, java.version: \u002714.0.2\u0027\nDriver info: driver.version: unknown","testFailureSummary":"FAILURE;net.thucydides.core.webdriver.exceptions.ElementShouldBeEnabledException;Expected enabled element was not enabled\nBuild info: version: \u00273.141.59\u0027, revision: \u0027e82be7d358\u0027, time: \u00272018-11-14T08:17:03\u0027\nSystem info: host: \u0027DESKTOP-ID529IK\u0027, ip: \u0027192.168.0.106\u0027, os.name: \u0027Windows 10\u0027, os.arch: \u0027amd64\u0027, os.version: \u002710.0\u0027, java.version: \u002714.0.2\u0027\nDriver info: driver.version: unknown;LoginPage.java","projectKey":"","annotatedResult":"FAILURE","sessionId":"643324424db8c400303b03148f29417e","driver":"chrome","isManualTestingUpToDate":false,"manual":false,"testSource":"JUnit","order":0,"result":"FAILURE","issues":["#Login-1"]}